  OOP_Project.cpp
  OOP_ProjectDlg.cpp
  Storage.cpp
C:\Users\tonyh\source\repos\OOP_Project\OOP_Project\Storage.cpp(587,34): warning C4244: '=': conversion from 'double' to 'LONG', possible loss of data
C:\Users\tonyh\source\repos\OOP_Project\OOP_Project\Storage.cpp(588,34): warning C4244: '=': conversion from 'double' to 'LONG', possible loss of data
C:\Users\tonyh\source\repos\OOP_Project\OOP_Project\Storage.cpp(589,53): warning C4244: '=': conversion from 'double' to 'LONG', possible loss of data
C:\Users\tonyh\source\repos\OOP_Project\OOP_Project\Storage.cpp(590,53): warning C4244: '=': conversion from 'double' to 'LONG', possible loss of data
C:\Users\tonyh\source\repos\OOP_Project\OOP_Project\Storage.cpp(632,25): warning C4244: '=': conversion from 'double' to 'LONG', possible loss of data
C:\Users\tonyh\source\repos\OOP_Project\OOP_Project\Storage.cpp(633,56): warning C4244: '=': conversion from 'double' to 'LONG', possible loss of data
C:\Users\tonyh\source\repos\OOP_Project\OOP_Project\Storage.cpp(634,56): warning C4244: '=': conversion from 'double' to 'LONG', possible loss of data
C:\Users\tonyh\source\repos\OOP_Project\OOP_Project\Storage.cpp(637,25): warning C4244: '=': conversion from 'double' to 'LONG', possible loss of data
C:\Users\tonyh\source\repos\OOP_Project\OOP_Project\Storage.cpp(638,56): warning C4244: '=': conversion from 'double' to 'LONG', possible loss of data
C:\Users\tonyh\source\repos\OOP_Project\OOP_Project\Storage.cpp(639,56): warning C4244: '=': conversion from 'double' to 'LONG', possible loss of data
C:\Users\tonyh\source\repos\OOP_Project\OOP_Project\Storage.cpp(680,25): warning C4244: '=': conversion from 'double' to 'LONG', possible loss of data
C:\Users\tonyh\source\repos\OOP_Project\OOP_Project\Storage.cpp(681,50): warning C4244: '=': conversion from 'double' to 'LONG', possible loss of data
C:\Users\tonyh\source\repos\OOP_Project\OOP_Project\Storage.cpp(685,25): warning C4244: '=': conversion from 'double' to 'LONG', possible loss of data
C:\Users\tonyh\source\repos\OOP_Project\OOP_Project\Storage.cpp(686,50): warning C4244: '=': conversion from 'double' to 'LONG', possible loss of data
C:\Users\tonyh\source\repos\OOP_Project\OOP_Project\Storage.cpp(692,25): warning C4244: '=': conversion from 'double' to 'LONG', possible loss of data
C:\Users\tonyh\source\repos\OOP_Project\OOP_Project\Storage.cpp(693,50): warning C4244: '=': conversion from 'double' to 'LONG', possible loss of data
C:\Users\tonyh\source\repos\OOP_Project\OOP_Project\Storage.cpp(697,25): warning C4244: '=': conversion from 'double' to 'LONG', possible loss of data
C:\Users\tonyh\source\repos\OOP_Project\OOP_Project\Storage.cpp(698,50): warning C4244: '=': conversion from 'double' to 'LONG', possible loss of data
C:\Users\tonyh\source\repos\OOP_Project\OOP_Project\Storage.cpp(744,29): warning C4244: '=': conversion from 'double' to 'LONG', possible loss of data
C:\Users\tonyh\source\repos\OOP_Project\OOP_Project\Storage.cpp(751,29): warning C4244: '=': conversion from 'double' to 'LONG', possible loss of data
C:\Users\tonyh\source\repos\OOP_Project\OOP_Project\Storage.cpp(760,59): warning C4244: '=': conversion from 'double' to 'LONG', possible loss of data
C:\Users\tonyh\source\repos\OOP_Project\OOP_Project\Storage.cpp(761,59): warning C4244: '=': conversion from 'double' to 'LONG', possible loss of data
C:\Users\tonyh\source\repos\OOP_Project\OOP_Project\Storage.cpp(762,59): warning C4244: '=': conversion from 'double' to 'LONG', possible loss of data
C:\Users\tonyh\source\repos\OOP_Project\OOP_Project\Storage.cpp(763,59): warning C4244: '=': conversion from 'double' to 'LONG', possible loss of data
C:\Users\tonyh\source\repos\OOP_Project\OOP_Project\Storage.cpp(768,25): warning C4244: '=': conversion from 'double' to 'LONG', possible loss of data
C:\Users\tonyh\source\repos\OOP_Project\OOP_Project\Storage.cpp(769,50): warning C4244: '=': conversion from 'double' to 'LONG', possible loss of data
C:\Users\tonyh\source\repos\OOP_Project\OOP_Project\Storage.cpp(772,25): warning C4244: '=': conversion from 'double' to 'LONG', possible loss of data
C:\Users\tonyh\source\repos\OOP_Project\OOP_Project\Storage.cpp(773,50): warning C4244: '=': conversion from 'double' to 'LONG', possible loss of data
C:\Users\tonyh\source\repos\OOP_Project\OOP_Project\Storage.cpp(779,25): warning C4244: '=': conversion from 'double' to 'LONG', possible loss of data
C:\Users\tonyh\source\repos\OOP_Project\OOP_Project\Storage.cpp(780,50): warning C4244: '=': conversion from 'double' to 'LONG', possible loss of data
C:\Users\tonyh\source\repos\OOP_Project\OOP_Project\Storage.cpp(784,25): warning C4244: '=': conversion from 'double' to 'LONG', possible loss of data
C:\Users\tonyh\source\repos\OOP_Project\OOP_Project\Storage.cpp(785,50): warning C4244: '=': conversion from 'double' to 'LONG', possible loss of data
  Generating Code...
  OOP_Project.vcxproj -> C:\Users\tonyh\source\repos\OOP_Project\Debug\OOP_Project.exe
